<?xml version="1.0" encoding="UTF-8"?>
<!-- Generated by org.testng.reporters.JUnitReportReporter -->
<testsuite hostname="DESKTOP-38D239J" failures="0" tests="1" name="Academy.Base" time="8.324" errors="0" timestamp="2022-04-01T16:56:00 IST" skipped="0">
  <testcase classname="Academy.Base" name="initializedriver" time="8.324"/>
  <system-out/>
</testsuite> <!-- Academy.Base -->
