<?xml version="1.0" encoding="UTF-8"?>
<!-- Generated by org.testng.reporters.JUnitReportReporter -->
<testsuite hostname="DESKTOP-38D239J" failures="0" tests="1" name="Academy.ValidateBar" time="0.318" errors="0" timestamp="2022-04-02T20:23:40 IST" skipped="0">
  <testcase classname="Academy.ValidateBar" name="basePageNavigation" time="0.318"/>
  <system-out/>
</testsuite> <!-- Academy.ValidateBar -->
